<?xml version="1.0" encoding="UTF-8"?>
<!-- Generated by org.testng.reporters.JUnitXMLReporter -->
<testsuite ignored="0" hostname="Lab-637618503249394936-1" failures="0" tests="12" name="Default test" time="251.368" errors="0" timestamp="2021-09-28T00:43:06 IST">
  <testcase classname="com.mindtree.runner.Runner" name="signrun" time="16.821"/>
  <testcase classname="com.mindtree.runner.Runner" name="LoginRun" time="32.258"/>
  <testcase classname="com.mindtree.runner.Runner" name="testSearchTitle" time="4.743"/>
  <testcase classname="com.mindtree.runner.Runner" name="testSearchTitle" time="4.882"/>
  <testcase classname="com.mindtree.runner.Runner" name="testSearchTitle" time="5.742"/>
  <testcase classname="com.mindtree.runner.Runner" name="ProfileVer" time="29.335"/>
  <testcase classname="com.mindtree.runner.Runner" name="HelpBtn" time="3.363"/>
  <testcase classname="com.mindtree.runner.Runner" name="StoreVer" time="6.158"/>
  <testcase classname="com.mindtree.runner.Runner" name="Trackorder" time="8.752"/>
  <testcase classname="com.mindtree.runner.Runner" name="Subscribe" time="4.802"/>
  <testcase classname="com.mindtree.runner.Runner" name="GiftCard" time="8.592"/>
  <testcase classname="com.mindtree.runner.Runner" name="LogOutRun" time="39.14"/>
</testsuite> <!-- Default test -->
