<?xml version="1.0" encoding="UTF-8"?>
<testng-results ignored="0" total="12" passed="12" failed="0" skipped="0">
  <reporter-output>
  </reporter-output>
  <suite started-at="2021-09-28T00:38:54 IST" name="Default suite" finished-at="2021-09-28T00:43:06 IST" duration-ms="251368">
    <groups>
    </groups>
    <test started-at="2021-09-28T00:38:54 IST" name="Default test" finished-at="2021-09-28T00:43:06 IST" duration-ms="251368">
      <class name="com.mindtree.runner.Runner">
        <test-method is-config="true" signature="getTestData()[pri:0, instance:com.mindtree.runner.Runner@2c9399a4]" started-at="2021-09-28T00:38:54 IST" name="getTestData" finished-at="2021-09-28T00:38:55 IST" duration-ms="1240" status="PASS">
          <reporter-output>
          </reporter-output>
        </test-method> <!-- getTestData -->
        <test-method is-config="true" signature="testing()[pri:0, instance:com.mindtree.runner.Runner@2c9399a4]" started-at="2021-09-28T00:38:56 IST" name="testing" finished-at="2021-09-28T00:39:02 IST" duration-ms="6094" status="PASS">
          <reporter-output>
          </reporter-output>
        </test-method> <!-- testing -->
        <test-method signature="signrun()[pri:0, instance:com.mindtree.runner.Runner@2c9399a4]" started-at="2021-09-28T00:39:02 IST" name="signrun" finished-at="2021-09-28T00:39:18 IST" duration-ms="16821" status="PASS">
          <reporter-output>
          </reporter-output>
        </test-method> <!-- signrun -->
        <test-method is-config="true" signature="clean()[pri:0, instance:com.mindtree.runner.Runner@2c9399a4]" started-at="2021-09-28T00:39:18 IST" name="clean" finished-at="2021-09-28T00:39:25 IST" duration-ms="6996" status="PASS">
          <reporter-output>
          </reporter-output>
        </test-method> <!-- clean -->
        <test-method is-config="true" signature="testing()[pri:0, instance:com.mindtree.runner.Runner@2c9399a4]" started-at="2021-09-28T00:39:25 IST" name="testing" finished-at="2021-09-28T00:39:28 IST" duration-ms="2233" status="PASS">
          <reporter-output>
          </reporter-output>
        </test-method> <!-- testing -->
        <test-method signature="LoginRun()[pri:1, instance:com.mindtree.runner.Runner@2c9399a4]" started-at="2021-09-28T00:39:28 IST" name="LoginRun" finished-at="2021-09-28T00:40:00 IST" duration-ms="32258" status="PASS">
          <reporter-output>
          </reporter-output>
        </test-method> <!-- LoginRun -->
        <test-method is-config="true" signature="clean()[pri:0, instance:com.mindtree.runner.Runner@2c9399a4]" started-at="2021-09-28T00:40:00 IST" name="clean" finished-at="2021-09-28T00:40:05 IST" duration-ms="4666" status="PASS">
          <reporter-output>
          </reporter-output>
        </test-method> <!-- clean -->
        <test-method is-config="true" signature="testing()[pri:0, instance:com.mindtree.runner.Runner@2c9399a4]" started-at="2021-09-28T00:40:05 IST" name="testing" finished-at="2021-09-28T00:40:07 IST" duration-ms="2608" status="PASS">
          <reporter-output>
          </reporter-output>
        </test-method> <!-- testing -->
        <test-method signature="testSearchTitle(java.lang.String)[pri:2, instance:com.mindtree.runner.Runner@2c9399a4]" started-at="2021-09-28T00:40:07 IST" name="testSearchTitle" data-provider="getTestData" finished-at="2021-09-28T00:40:12 IST" duration-ms="4743" status="PASS">
          <params>
            <param index="0">
              <value>
                <![CDATA[Sofas]]>
              </value>
            </param>
          </params>
          <reporter-output>
          </reporter-output>
        </test-method> <!-- testSearchTitle -->
        <test-method is-config="true" signature="clean()[pri:0, instance:com.mindtree.runner.Runner@2c9399a4]" started-at="2021-09-28T00:40:12 IST" name="clean" finished-at="2021-09-28T00:40:17 IST" duration-ms="4676" status="PASS">
          <reporter-output>
          </reporter-output>
        </test-method> <!-- clean -->
        <test-method is-config="true" signature="testing()[pri:0, instance:com.mindtree.runner.Runner@2c9399a4]" started-at="2021-09-28T00:40:17 IST" name="testing" finished-at="2021-09-28T00:40:19 IST" duration-ms="2052" status="PASS">
          <reporter-output>
          </reporter-output>
        </test-method> <!-- testing -->
        <test-method signature="testSearchTitle(java.lang.String)[pri:2, instance:com.mindtree.runner.Runner@2c9399a4]" started-at="2021-09-28T00:40:19 IST" name="testSearchTitle" data-provider="getTestData" finished-at="2021-09-28T00:40:24 IST" duration-ms="4882" status="PASS">
          <params>
            <param index="0">
              <value>
                <![CDATA[Bed]]>
              </value>
            </param>
          </params>
          <reporter-output>
          </reporter-output>
        </test-method> <!-- testSearchTitle -->
        <test-method is-config="true" signature="clean()[pri:0, instance:com.mindtree.runner.Runner@2c9399a4]" started-at="2021-09-28T00:40:24 IST" name="clean" finished-at="2021-09-28T00:40:29 IST" duration-ms="4849" status="PASS">
          <reporter-output>
          </reporter-output>
        </test-method> <!-- clean -->
        <test-method is-config="true" signature="testing()[pri:0, instance:com.mindtree.runner.Runner@2c9399a4]" started-at="2021-09-28T00:40:29 IST" name="testing" finished-at="2021-09-28T00:40:31 IST" duration-ms="2288" status="PASS">
          <reporter-output>
          </reporter-output>
        </test-method> <!-- testing -->
        <test-method signature="testSearchTitle(java.lang.String)[pri:2, instance:com.mindtree.runner.Runner@2c9399a4]" started-at="2021-09-28T00:40:31 IST" name="testSearchTitle" data-provider="getTestData" finished-at="2021-09-28T00:40:37 IST" duration-ms="5742" status="PASS">
          <params>
            <param index="0">
              <value>
                <![CDATA[Dining]]>
              </value>
            </param>
          </params>
          <reporter-output>
          </reporter-output>
        </test-method> <!-- testSearchTitle -->
        <test-method is-config="true" signature="clean()[pri:0, instance:com.mindtree.runner.Runner@2c9399a4]" started-at="2021-09-28T00:40:37 IST" name="clean" finished-at="2021-09-28T00:40:42 IST" duration-ms="5371" status="PASS">
          <reporter-output>
          </reporter-output>
        </test-method> <!-- clean -->
        <test-method is-config="true" signature="testing()[pri:0, instance:com.mindtree.runner.Runner@2c9399a4]" started-at="2021-09-28T00:40:42 IST" name="testing" finished-at="2021-09-28T00:40:44 IST" duration-ms="2122" status="PASS">
          <reporter-output>
          </reporter-output>
        </test-method> <!-- testing -->
        <test-method signature="ProfileVer()[pri:3, instance:com.mindtree.runner.Runner@2c9399a4]" started-at="2021-09-28T00:40:44 IST" name="ProfileVer" finished-at="2021-09-28T00:41:14 IST" duration-ms="29335" status="PASS">
          <reporter-output>
          </reporter-output>
        </test-method> <!-- ProfileVer -->
        <test-method is-config="true" signature="clean()[pri:0, instance:com.mindtree.runner.Runner@2c9399a4]" started-at="2021-09-28T00:41:14 IST" name="clean" finished-at="2021-09-28T00:41:14 IST" duration-ms="651" status="PASS">
          <reporter-output>
          </reporter-output>
        </test-method> <!-- clean -->
        <test-method is-config="true" signature="testing()[pri:0, instance:com.mindtree.runner.Runner@2c9399a4]" started-at="2021-09-28T00:41:14 IST" name="testing" finished-at="2021-09-28T00:41:16 IST" duration-ms="2086" status="PASS">
          <reporter-output>
          </reporter-output>
        </test-method> <!-- testing -->
        <test-method signature="HelpBtn()[pri:4, instance:com.mindtree.runner.Runner@2c9399a4]" started-at="2021-09-28T00:41:16 IST" name="HelpBtn" finished-at="2021-09-28T00:41:20 IST" duration-ms="3363" status="PASS">
          <reporter-output>
          </reporter-output>
        </test-method> <!-- HelpBtn -->
        <test-method is-config="true" signature="clean()[pri:0, instance:com.mindtree.runner.Runner@2c9399a4]" started-at="2021-09-28T00:41:20 IST" name="clean" finished-at="2021-09-28T00:41:24 IST" duration-ms="4797" status="PASS">
          <reporter-output>
          </reporter-output>
        </test-method> <!-- clean -->
        <test-method is-config="true" signature="testing()[pri:0, instance:com.mindtree.runner.Runner@2c9399a4]" started-at="2021-09-28T00:41:24 IST" name="testing" finished-at="2021-09-28T00:41:26 IST" duration-ms="2043" status="PASS">
          <reporter-output>
          </reporter-output>
        </test-method> <!-- testing -->
        <test-method signature="StoreVer()[pri:5, instance:com.mindtree.runner.Runner@2c9399a4]" started-at="2021-09-28T00:41:26 IST" name="StoreVer" finished-at="2021-09-28T00:41:33 IST" duration-ms="6158" status="PASS">
          <reporter-output>
          </reporter-output>
        </test-method> <!-- StoreVer -->
        <test-method is-config="true" signature="clean()[pri:0, instance:com.mindtree.runner.Runner@2c9399a4]" started-at="2021-09-28T00:41:33 IST" name="clean" finished-at="2021-09-28T00:41:37 IST" duration-ms="4592" status="PASS">
          <reporter-output>
          </reporter-output>
        </test-method> <!-- clean -->
        <test-method is-config="true" signature="testing()[pri:0, instance:com.mindtree.runner.Runner@2c9399a4]" started-at="2021-09-28T00:41:37 IST" name="testing" finished-at="2021-09-28T00:41:40 IST" duration-ms="2285" status="PASS">
          <reporter-output>
          </reporter-output>
        </test-method> <!-- testing -->
        <test-method signature="Trackorder()[pri:6, instance:com.mindtree.runner.Runner@2c9399a4]" started-at="2021-09-28T00:41:40 IST" name="Trackorder" finished-at="2021-09-28T00:41:48 IST" duration-ms="8752" status="PASS">
          <reporter-output>
          </reporter-output>
        </test-method> <!-- Trackorder -->
        <test-method is-config="true" signature="clean()[pri:0, instance:com.mindtree.runner.Runner@2c9399a4]" started-at="2021-09-28T00:41:48 IST" name="clean" finished-at="2021-09-28T00:41:53 IST" duration-ms="4588" status="PASS">
          <reporter-output>
          </reporter-output>
        </test-method> <!-- clean -->
        <test-method is-config="true" signature="testing()[pri:0, instance:com.mindtree.runner.Runner@2c9399a4]" started-at="2021-09-28T00:41:53 IST" name="testing" finished-at="2021-09-28T00:41:55 IST" duration-ms="2010" status="PASS">
          <reporter-output>
          </reporter-output>
        </test-method> <!-- testing -->
        <test-method signature="Subscribe()[pri:7, instance:com.mindtree.runner.Runner@2c9399a4]" started-at="2021-09-28T00:41:55 IST" name="Subscribe" finished-at="2021-09-28T00:42:00 IST" duration-ms="4802" status="PASS">
          <reporter-output>
          </reporter-output>
        </test-method> <!-- Subscribe -->
        <test-method is-config="true" signature="clean()[pri:0, instance:com.mindtree.runner.Runner@2c9399a4]" started-at="2021-09-28T00:42:00 IST" name="clean" finished-at="2021-09-28T00:42:04 IST" duration-ms="4670" status="PASS">
          <reporter-output>
          </reporter-output>
        </test-method> <!-- clean -->
        <test-method is-config="true" signature="testing()[pri:0, instance:com.mindtree.runner.Runner@2c9399a4]" started-at="2021-09-28T00:42:04 IST" name="testing" finished-at="2021-09-28T00:42:06 IST" duration-ms="2006" status="PASS">
          <reporter-output>
          </reporter-output>
        </test-method> <!-- testing -->
        <test-method signature="GiftCard()[pri:8, instance:com.mindtree.runner.Runner@2c9399a4]" started-at="2021-09-28T00:42:06 IST" name="GiftCard" finished-at="2021-09-28T00:42:15 IST" duration-ms="8592" status="PASS">
          <reporter-output>
          </reporter-output>
        </test-method> <!-- GiftCard -->
        <test-method is-config="true" signature="clean()[pri:0, instance:com.mindtree.runner.Runner@2c9399a4]" started-at="2021-09-28T00:42:15 IST" name="clean" finished-at="2021-09-28T00:42:20 IST" duration-ms="4764" status="PASS">
          <reporter-output>
          </reporter-output>
        </test-method> <!-- clean -->
        <test-method is-config="true" signature="testing()[pri:0, instance:com.mindtree.runner.Runner@2c9399a4]" started-at="2021-09-28T00:42:20 IST" name="testing" finished-at="2021-09-28T00:42:22 IST" duration-ms="2254" status="PASS">
          <reporter-output>
          </reporter-output>
        </test-method> <!-- testing -->
        <test-method signature="LogOutRun()[pri:9, instance:com.mindtree.runner.Runner@2c9399a4]" started-at="2021-09-28T00:42:22 IST" name="LogOutRun" finished-at="2021-09-28T00:43:01 IST" duration-ms="39140" status="PASS">
          <reporter-output>
          </reporter-output>
        </test-method> <!-- LogOutRun -->
        <test-method is-config="true" signature="clean()[pri:0, instance:com.mindtree.runner.Runner@2c9399a4]" started-at="2021-09-28T00:43:01 IST" name="clean" finished-at="2021-09-28T00:43:06 IST" duration-ms="4460" status="PASS">
          <reporter-output>
          </reporter-output>
        </test-method> <!-- clean -->
      </class> <!-- com.mindtree.runner.Runner -->
    </test> <!-- Default test -->
  </suite> <!-- Default suite -->
</testng-results>
